{"contracts\\BookLibrary.sol":{"l":{"22":8,"26":7,"34":17,"41":11,"45":10,"46":10,"50":9,"51":9,"52":9,"53":9,"60":2,"64":1,"65":1,"66":1,"70":7,"74":6,"75":6,"76":6,"77":5,"78":5,"80":6,"88":2,"92":1,"93":1,"94":1,"102":1,"110":1,"118":2,"126":1,"127":1,"128":1,"130":1},"path":"C:\\Users\\galin\\Desktop\\solidity\\Hardhat BookLibrary\\contracts\\BookLibrary.sol","s":{"1":8,"2":17,"3":11,"4":10,"5":10,"6":9,"7":9,"8":9,"9":9,"10":2,"11":1,"12":1,"13":1,"14":7,"15":6,"16":6,"17":5,"18":5,"19":6,"20":2,"21":1,"22":1,"23":1,"24":1,"25":2,"26":1,"27":1,"28":1,"29":1},"b":{"1":[7,1],"2":[10,1],"3":[9,1],"4":[1,1],"5":[6,1],"6":[5,1],"7":[1,1]},"f":{"1":8,"2":17,"3":11,"4":2,"5":7,"6":2,"7":1,"8":1,"9":2,"10":1},"fnMap":{"1":{"name":"atLeastOneCopy","line":21,"loc":{"start":{"line":21,"column":4},"end":{"line":27,"column":4}}},"2":{"name":"generateIdFromTitle","line":29,"loc":{"start":{"line":29,"column":4},"end":{"line":35,"column":4}}},"3":{"name":"addNewBookAndCopiesCount","line":40,"loc":{"start":{"line":37,"column":4},"end":{"line":54,"column":4}}},"4":{"name":"addCopiesToExistingBook","line":58,"loc":{"start":{"line":56,"column":4},"end":{"line":67,"column":4}}},"5":{"name":"borrowBook","line":69,"loc":{"start":{"line":69,"column":4},"end":{"line":85,"column":4}}},"6":{"name":"returnBook","line":87,"loc":{"start":{"line":87,"column":4},"end":{"line":99,"column":4}}},"7":{"name":"getAllBookIds","line":101,"loc":{"start":{"line":101,"column":4},"end":{"line":103,"column":4}}},"8":{"name":"getAvailableBooksCopiesById","line":105,"loc":{"start":{"line":105,"column":4},"end":{"line":111,"column":4}}},"9":{"name":"getAllBorrowersOfBook","line":113,"loc":{"start":{"line":113,"column":4},"end":{"line":119,"column":4}}},"10":{"name":"getAllBooksInLibrary","line":121,"loc":{"start":{"line":121,"column":4},"end":{"line":131,"column":4}}}},"statementMap":{"1":{"start":{"line":22,"column":8},"end":{"line":22,"column":759}},"2":{"start":{"line":34,"column":8},"end":{"line":34,"column":59}},"3":{"start":{"line":41,"column":8},"end":{"line":41,"column":1242}},"4":{"start":{"line":45,"column":8},"end":{"line":45,"column":52}},"5":{"start":{"line":46,"column":8},"end":{"line":46,"column":1435}},"6":{"start":{"line":50,"column":8},"end":{"line":50,"column":27}},"7":{"start":{"line":51,"column":8},"end":{"line":51,"column":51}},"8":{"start":{"line":52,"column":8},"end":{"line":52,"column":43}},"9":{"start":{"line":53,"column":8},"end":{"line":53,"column":53}},"10":{"start":{"line":60,"column":8},"end":{"line":60,"column":1931}},"11":{"start":{"line":64,"column":8},"end":{"line":64,"column":52}},"12":{"start":{"line":65,"column":8},"end":{"line":65,"column":50}},"13":{"start":{"line":66,"column":8},"end":{"line":66,"column":68}},"14":{"start":{"line":70,"column":8},"end":{"line":70,"column":2333}},"15":{"start":{"line":74,"column":8},"end":{"line":74,"column":55}},"16":{"start":{"line":76,"column":8},"end":{"line":76,"column":2605}},"17":{"start":{"line":77,"column":12},"end":{"line":77,"column":55}},"18":{"start":{"line":78,"column":12},"end":{"line":78,"column":58}},"19":{"start":{"line":80,"column":8},"end":{"line":80,"column":2796}},"20":{"start":{"line":88,"column":8},"end":{"line":88,"column":2994}},"21":{"start":{"line":93,"column":8},"end":{"line":93,"column":56}},"22":{"start":{"line":94,"column":8},"end":{"line":94,"column":3253}},"23":{"start":{"line":102,"column":8},"end":{"line":102,"column":22}},"24":{"start":{"line":110,"column":8},"end":{"line":110,"column":43}},"25":{"start":{"line":118,"column":8},"end":{"line":118,"column":42}},"26":{"start":{"line":126,"column":8},"end":{"line":126,"column":56}},"27":{"start":{"line":127,"column":8},"end":{"line":127,"column":4029}},"28":{"start":{"line":128,"column":12},"end":{"line":128,"column":49}},"29":{"start":{"line":130,"column":8},"end":{"line":130,"column":20}}},"branchMap":{"1":{"line":22,"type":"if","locations":[{"start":{"line":22,"column":8},"end":{"line":22,"column":8}},{"start":{"line":22,"column":8},"end":{"line":22,"column":8}}]},"2":{"line":41,"type":"if","locations":[{"start":{"line":41,"column":8},"end":{"line":41,"column":8}},{"start":{"line":41,"column":8},"end":{"line":41,"column":8}}]},"3":{"line":46,"type":"if","locations":[{"start":{"line":46,"column":8},"end":{"line":46,"column":8}},{"start":{"line":46,"column":8},"end":{"line":46,"column":8}}]},"4":{"line":60,"type":"if","locations":[{"start":{"line":60,"column":8},"end":{"line":60,"column":8}},{"start":{"line":60,"column":8},"end":{"line":60,"column":8}}]},"5":{"line":70,"type":"if","locations":[{"start":{"line":70,"column":8},"end":{"line":70,"column":8}},{"start":{"line":70,"column":8},"end":{"line":70,"column":8}}]},"6":{"line":76,"type":"if","locations":[{"start":{"line":76,"column":8},"end":{"line":76,"column":8}},{"start":{"line":76,"column":8},"end":{"line":76,"column":8}}]},"7":{"line":88,"type":"if","locations":[{"start":{"line":88,"column":8},"end":{"line":88,"column":8}},{"start":{"line":88,"column":8},"end":{"line":88,"column":8}}]}}}}