{
"contracts\\BookLibrary.sol":{"l":{"22":3,"23":3,"27":9,"31":6,"32":5,"33":5,"34":5,"35":5,"36":5,"37":5,"41":2,"42":1,"43":1,"44":1,"48":3,"49":3,"50":3,"51":3,"52":3,"53":3,"55":3,"59":1,"60":1,"61":1,"62":1,"66":1,"70":1,"74":1},"path":"C:\\Users\\galin\\Desktop\\solidity\\Hardhat BookLibrary\\contracts\\BookLibrary.sol","s":{"1":3,"2":9,"3":6,"4":5,"5":5,"6":5,"7":5,"8":5,"9":5,"10":2,"11":1,"12":1,"13":1,"14":3,"15":3,"16":3,"17":3,"18":3,"19":3,"20":1,"21":1,"22":1,"23":1,"24":1,"25":1},"b":{"1":[3,0],"2":[5,1],"3":[5,0],"4":[1,1],"5":[3,0],"6":[3,0],"7":[1,0]},"f":{"1":3,"2":9,"3":6,"4":2,"5":3,"6":1,"7":1,"8":1,"9":1},"fnMap":{"1":{"name":"atLeastOneCopy","line":21,"loc":{"start":{"line":21,"column":4},"end":{"line":24,"column":4}}},"2":{"name":"generateIdFromTitle","line":26,"loc":{"start":{"line":26,"column":4},"end":{"line":28,"column":4}}},"3":{"name":"addNewBookAndCopiesCount","line":30,"loc":{"start":{"line":30,"column":4},"end":{"line":38,"column":4}}},"4":{"name":"addCopiesToExistingBook","line":40,"loc":{"start":{"line":40,"column":4},"end":{"line":45,"column":4}}},"5":{"name":"borrowBook","line":47,"loc":{"start":{"line":47,"column":4},"end":{"line":56,"column":4}}},"6":{"name":"returnBook","line":58,"loc":{"start":{"line":58,"column":4},"end":{"line":63,"column":4}}},"7":{"name":"getAllBookIds","line":65,"loc":{"start":{"line":65,"column":4},"end":{"line":67,"column":4}}},"8":{"name":"getAvailableBooksCopiesById","line":69,"loc":{"start":{"line":69,"column":4},"end":{"line":71,"column":4}}},"9":{"name":"getAllBorrowersOfBook","line":73,"loc":{"start":{"line":73,"column":4},"end":{"line":75,"column":4}}}},"statementMap":{"1":{"start":{"line":22,"column":8},"end":{"line":22,"column":103}},"2":{"start":{"line":27,"column":8},"end":{"line":27,"column":56}},"3":{"start":{"line":31,"column":8},"end":{"line":31,"column":97}},"4":{"start":{"line":32,"column":8},"end":{"line":32,"column":49}},"5":{"start":{"line":33,"column":8},"end":{"line":33,"column":134}},"6":{"start":{"line":34,"column":8},"end":{"line":34,"column":27}},"7":{"start":{"line":35,"column":8},"end":{"line":35,"column":51}},"8":{"start":{"line":36,"column":8},"end":{"line":36,"column":43}},"9":{"start":{"line":37,"column":8},"end":{"line":37,"column":53}},"10":{"start":{"line":41,"column":8},"end":{"line":41,"column":97}},"11":{"start":{"line":42,"column":8},"end":{"line":42,"column":49}},"12":{"start":{"line":43,"column":8},"end":{"line":43,"column":50}},"13":{"start":{"line":44,"column":8},"end":{"line":44,"column":68}},"14":{"start":{"line":48,"column":8},"end":{"line":48,"column":131}},"15":{"start":{"line":49,"column":8},"end":{"line":49,"column":55}},"16":{"start":{"line":51,"column":8},"end":{"line":51,"column":2295}},"17":{"start":{"line":52,"column":12},"end":{"line":52,"column":55}},"18":{"start":{"line":53,"column":12},"end":{"line":53,"column":58}},"19":{"start":{"line":55,"column":8},"end":{"line":55,"column":86}},"20":{"start":{"line":59,"column":8},"end":{"line":59,"column":116}},"21":{"start":{"line":61,"column":8},"end":{"line":61,"column":56}},"22":{"start":{"line":62,"column":8},"end":{"line":62,"column":86}},"23":{"start":{"line":66,"column":8},"end":{"line":66,"column":22}},"24":{"start":{"line":70,"column":8},"end":{"line":70,"column":43}},"25":{"start":{"line":74,"column":8},"end":{"line":74,"column":42}}},"branchMap":{"1":{"line":22,"type":"if","locations":[{"start":{"line":22,"column":8},"end":{"line":22,"column":8}},{"start":{"line":22,"column":8},"end":{"line":22,"column":8}}]},"2":{"line":31,"type":"if","locations":[{"start":{"line":31,"column":8},"end":{"line":31,"column":8}},{"start":{"line":31,"column":8},"end":{"line":31,"column":8}}]},"3":{"line":33,"type":"if","locations":[{"start":{"line":33,"column":8},"end":{"line":33,"column":8}},{"start":{"line":33,"column":8},"end":{"line":33,"column":8}}]},"4":{"line":41,"type":"if","locations":[{"start":{"line":41,"column":8},"end":{"line":41,"column":8}},{"start":{"line":41,"column":8},"end":{"line":41,"column":8}}]},"5":{"line":48,"type":"if","locations":[{"start":{"line":48,"column":8},"end":{"line":48,"column":8}},{"start":{"line":48,"column":8},"end":{"line":48,"column":8}}]},"6":{"line":51,"type":"if","locations":[{"start":{"line":51,"column":8},"end":{"line":51,"column":8}},{"start":{"line":51,"column":8},"end":{"line":51,"column":8}}]},"7":{"line":59,"type":"if","locations":[{"start":{"line":59,"column":8},"end":{"line":59,"column":8}},{"start":{"line":59,"column":8},"end":{"line":59,"column":8}}]}}}}
