{
"contracts\\BookLibrary.sol":{"l":{"20":2,"21":2,"25":7,"26":7,"30":5,"31":4,"32":4,"33":4,"37":2,"38":2,"39":2,"41":2,"42":2,"46":1,"47":1,"48":1,"52":1,"56":3,"57":3,"61":1},"path":"C:\\Users\\galin\\Desktop\\solidity\\Hardhat BookLibrary\\contracts\\BookLibrary.sol","s":{"1":2,"2":7,"3":7,"4":5,"5":4,"6":4,"7":4,"8":2,"9":2,"10":2,"11":2,"12":1,"13":1,"14":1,"15":3,"16":3,"17":1},"b":{"1":[2,0],"2":[4,1],"3":[2,0],"4":[1,0]},"f":{"1":2,"2":7,"3":5,"4":2,"5":1,"6":1,"7":3,"8":1},"fnMap":{"1":{"name":"atLeastOneCopy","line":19,"loc":{"start":{"line":19,"column":4},"end":{"line":22,"column":4}}},"2":{"name":"generateIdFromTitle","line":24,"loc":{"start":{"line":24,"column":4},"end":{"line":27,"column":4}}},"3":{"name":"addNewBookAndCopiesCount","line":29,"loc":{"start":{"line":29,"column":4},"end":{"line":34,"column":4}}},"4":{"name":"borrowBook","line":36,"loc":{"start":{"line":36,"column":4},"end":{"line":43,"column":4}}},"5":{"name":"returnBook","line":45,"loc":{"start":{"line":45,"column":4},"end":{"line":49,"column":4}}},"6":{"name":"getAllBookIds","line":51,"loc":{"start":{"line":51,"column":4},"end":{"line":53,"column":4}}},"7":{"name":"getAvailableBooksCopiesById","line":55,"loc":{"start":{"line":55,"column":4},"end":{"line":58,"column":4}}},"8":{"name":"getAllBorrowersOfBook","line":60,"loc":{"start":{"line":60,"column":4},"end":{"line":62,"column":4}}}},"statementMap":{"1":{"start":{"line":20,"column":8},"end":{"line":20,"column":103}},"2":{"start":{"line":25,"column":8},"end":{"line":25,"column":59}},"3":{"start":{"line":26,"column":8},"end":{"line":26,"column":17}},"4":{"start":{"line":30,"column":8},"end":{"line":30,"column":92}},"5":{"start":{"line":31,"column":8},"end":{"line":31,"column":49}},"6":{"start":{"line":32,"column":8},"end":{"line":32,"column":27}},"7":{"start":{"line":33,"column":8},"end":{"line":33,"column":46}},"8":{"start":{"line":37,"column":8},"end":{"line":37,"column":131}},"9":{"start":{"line":38,"column":8},"end":{"line":38,"column":55}},"10":{"start":{"line":41,"column":8},"end":{"line":41,"column":51}},"11":{"start":{"line":42,"column":8},"end":{"line":42,"column":57}},"12":{"start":{"line":46,"column":8},"end":{"line":46,"column":116}},"13":{"start":{"line":48,"column":8},"end":{"line":48,"column":56}},"14":{"start":{"line":52,"column":8},"end":{"line":52,"column":22}},"15":{"start":{"line":56,"column":8},"end":{"line":56,"column":59}},"16":{"start":{"line":57,"column":8},"end":{"line":57,"column":30}},"17":{"start":{"line":61,"column":8},"end":{"line":61,"column":42}}},"branchMap":{"1":{"line":20,"type":"if","locations":[{"start":{"line":20,"column":8},"end":{"line":20,"column":8}},{"start":{"line":20,"column":8},"end":{"line":20,"column":8}}]},"2":{"line":30,"type":"if","locations":[{"start":{"line":30,"column":8},"end":{"line":30,"column":8}},{"start":{"line":30,"column":8},"end":{"line":30,"column":8}}]},"3":{"line":37,"type":"if","locations":[{"start":{"line":37,"column":8},"end":{"line":37,"column":8}},{"start":{"line":37,"column":8},"end":{"line":37,"column":8}}]},"4":{"line":46,"type":"if","locations":[{"start":{"line":46,"column":8},"end":{"line":46,"column":8}},{"start":{"line":46,"column":8},"end":{"line":46,"column":8}}]}}}}
