TN:
SF:C:\Users\galin\Desktop\solidity\Hardhat BookLibrary\contracts\BookLibrary.sol
FN:19,atLeastOneCopy
FN:24,generateIdFromTitle
FN:29,addNewBookAndCopiesCount
FN:36,borrowBook
FN:45,returnBook
FN:51,getAllBookIds
FN:55,getAvailableBooksCopiesById
FN:60,getAllBorrowersOfBook
FNF:8
FNH:8
FNDA:2,atLeastOneCopy
FNDA:7,generateIdFromTitle
FNDA:5,addNewBookAndCopiesCount
FNDA:2,borrowBook
FNDA:1,returnBook
FNDA:1,getAllBookIds
FNDA:3,getAvailableBooksCopiesById
FNDA:1,getAllBorrowersOfBook
DA:20,2
DA:21,2
DA:25,7
DA:26,7
DA:30,5
DA:31,4
DA:32,4
DA:33,4
DA:37,2
DA:38,2
DA:39,2
DA:41,2
DA:42,2
DA:46,1
DA:47,1
DA:48,1
DA:52,1
DA:56,3
DA:57,3
DA:61,1
LF:20
LH:20
BRDA:20,1,0,2
BRDA:20,1,1,0
BRDA:30,2,0,4
BRDA:30,2,1,1
BRDA:37,3,0,2
BRDA:37,3,1,0
BRDA:46,4,0,1
BRDA:46,4,1,0
BRF:8
BRH:5
end_of_record
