TN:
SF:C:\Users\galin\Desktop\solidity\Hardhat BookLibrary\contracts\BookLibrary.sol
FN:21,atLeastOneCopy
FN:26,generateIdFromTitle
FN:30,addNewBookAndCopiesCount
FN:40,addCopiesToExistingBook
FN:47,borrowBook
FN:58,returnBook
FN:65,getAllBookIds
FN:69,getAvailableBooksCopiesById
FN:73,getAllBorrowersOfBook
FNF:9
FNH:9
FNDA:3,atLeastOneCopy
FNDA:9,generateIdFromTitle
FNDA:6,addNewBookAndCopiesCount
FNDA:2,addCopiesToExistingBook
FNDA:3,borrowBook
FNDA:1,returnBook
FNDA:1,getAllBookIds
FNDA:1,getAvailableBooksCopiesById
FNDA:1,getAllBorrowersOfBook
DA:22,3
DA:23,3
DA:27,9
DA:31,6
DA:32,5
DA:33,5
DA:34,5
DA:35,5
DA:36,5
DA:37,5
DA:41,2
DA:42,1
DA:43,1
DA:44,1
DA:48,3
DA:49,3
DA:50,3
DA:51,3
DA:52,3
DA:53,3
DA:55,3
DA:59,1
DA:60,1
DA:61,1
DA:62,1
DA:66,1
DA:70,1
DA:74,1
LF:28
LH:28
BRDA:22,1,0,3
BRDA:22,1,1,0
BRDA:31,2,0,5
BRDA:31,2,1,1
BRDA:33,3,0,5
BRDA:33,3,1,0
BRDA:41,4,0,1
BRDA:41,4,1,1
BRDA:48,5,0,3
BRDA:48,5,1,0
BRDA:51,6,0,3
BRDA:51,6,1,0
BRDA:59,7,0,1
BRDA:59,7,1,0
BRF:14
BRH:9
end_of_record
